<?xml version="1.0" encoding="UTF-8"?>
<!-- Generated by org.testng.reporters.JUnitReportReporter -->
<testsuite hostname="Shamily" failures="0" tests="2" name="seleniumPractice.Carting.submitOrderTest" time="33.334" errors="0" timestamp="22 Jun 2024 10:03:15 GMT" skipped="0">
  <testcase classname="seleniumPractice.Carting.submitOrderTest" name="submitOrder" time="15.662"/>
  <testcase classname="seleniumPractice.Carting.submitOrderTest" name="submitOrder" time="17.672"/>
</testsuite> <!-- seleniumPractice.Carting.submitOrderTest -->
